<?xml version="1.0" encoding="UTF-8"?>
<!-- Generated by org.testng.reporters.JUnitXMLReporter -->
<testsuite ignored="0" hostname="VJ-ThinkVersion" failures="0" tests="3" name="Default test" time="12.087" errors="0" timestamp="2022-10-03T20:19:37 IST">
  <testcase classname="executiontest12.RegistrationModule12Test" name="FieldValidation" time="2.461"/>
  <testcase classname="executiontest12.RegistrationModule12Test" name="FullnameValid" time="2.217"/>
  <testcase classname="executiontest12.RegistrationModule12Test" name="LoginNameValid" time="1.791"/>
</testsuite> <!-- Default test -->
