<?xml version="1.0" encoding="UTF-8"?>
<!-- Generated by org.testng.reporters.JUnitXMLReporter -->
<testsuite ignored="0" hostname="VJ-ThinkVersion" failures="0" tests="5" name="Test" time="22.953" errors="0" timestamp="2022-10-01T09:37:51 IST">
  <testcase classname="executiontest12.LoginModule12Test" name="ForgetPwdTc" time="1.308"/>
  <testcase classname="executiontest12.LoginModule12Test" name="NegativeLoginTc" time="0.893"/>
  <testcase classname="executiontest12.RegistrationModule12Test" name="FieldValidation" time="2.58"/>
  <testcase classname="executiontest12.RegistrationModule12Test" name="FullnameValid" time="1.341"/>
  <testcase classname="executiontest12.RegistrationModule12Test" name="LoginNameValid" time="6.66"/>
</testsuite> <!-- Test -->
