<?xml version="1.0" encoding="UTF-8"?>
<!-- Generated by org.testng.reporters.JUnitXMLReporter -->
<testsuite ignored="0" hostname="VJ-ThinkVersion" failures="0" tests="5" name="Surefire test" time="30.048" errors="0" timestamp="2022-10-07T08:18:01 IST">
  <testcase classname="executiontest12.LoginModule12Test" name="ForgetPwdTc" time="5.075"/>
  <testcase classname="executiontest12.LoginModule12Test" name="NegativeLoginTc" time="0.872"/>
  <testcase classname="executiontest12.RegistrationModule12Test" name="FieldValidation" time="2.464"/>
  <testcase classname="executiontest12.RegistrationModule12Test" name="FullnameValid" time="2.647"/>
  <testcase classname="executiontest12.RegistrationModule12Test" name="LoginNameValid" time="2.672"/>
</testsuite> <!-- Surefire test -->
