<?xml version="1.0" encoding="UTF-8"?>
<testng-results ignored="0" total="2" passed="2" failed="0" skipped="0">
  <reporter-output>
  </reporter-output>
  <suite started-at="2022-10-07T09:10:33 IST" name="TSRTC Automation" finished-at="2022-10-07T09:10:38 IST" duration-ms="5189">
    <groups>
      <group name="smoke">
        <method signature="LoginModule12Test.NegativeLoginTc()[pri:0, instance:executiontest12.LoginModule12Test@102cec62]" name="NegativeLoginTc" class="executiontest12.LoginModule12Test"/>
      </group> <!-- smoke -->
    </groups>
    <test started-at="2022-10-07T09:10:33 IST" name="LoginModuleTcs" finished-at="2022-10-07T09:10:38 IST" duration-ms="5189">
      <class name="executiontest12.LoginModule12Test">
        <test-method is-config="true" signature="Initialisation()[pri:0, instance:executiontest12.LoginModule12Test@102cec62]" started-at="2022-10-07T09:10:33 IST" name="Initialisation" finished-at="2022-10-07T09:10:37 IST" duration-ms="3498" status="PASS">
          <reporter-output>
          </reporter-output>
        </test-method> <!-- Initialisation -->
        <test-method signature="ForgetPwdTc()[pri:0, instance:executiontest12.LoginModule12Test@102cec62]" started-at="2022-10-07T09:10:37 IST" name="ForgetPwdTc" finished-at="2022-10-07T09:10:38 IST" duration-ms="962" status="PASS">
          <reporter-output>
          </reporter-output>
        </test-method> <!-- ForgetPwdTc -->
        <test-method signature="NegativeLoginTc()[pri:0, instance:executiontest12.LoginModule12Test@102cec62]" started-at="2022-10-07T09:10:38 IST" name="NegativeLoginTc" finished-at="2022-10-07T09:10:38 IST" duration-ms="682" status="PASS">
          <reporter-output>
          </reporter-output>
        </test-method> <!-- NegativeLoginTc -->
        <test-method is-config="true" signature="CloseObjects()[pri:0, instance:executiontest12.LoginModule12Test@102cec62]" started-at="2022-10-07T09:10:38 IST" name="CloseObjects" finished-at="2022-10-07T09:10:38 IST" duration-ms="0" status="PASS">
          <reporter-output>
          </reporter-output>
        </test-method> <!-- CloseObjects -->
      </class> <!-- executiontest12.LoginModule12Test -->
    </test> <!-- LoginModuleTcs -->
  </suite> <!-- TSRTC Automation -->
</testng-results>
