<?xml version="1.0" encoding="UTF-8"?>
<!-- Generated by org.testng.reporters.JUnitXMLReporter -->
<testsuite ignored="0" hostname="VJ-ThinkVersion" failures="0" tests="5" name="Command line test" time="18.427" errors="0" timestamp="2022-10-07T09:09:50 IST">
  <testcase classname="executiontest12.LoginModule12Test" name="ForgetPwdTc" time="1.145"/>
  <testcase classname="executiontest12.LoginModule12Test" name="NegativeLoginTc" time="0.74"/>
  <testcase classname="executiontest12.RegistrationModule12Test" name="FieldValidation" time="2.567"/>
  <testcase classname="executiontest12.RegistrationModule12Test" name="FullnameValid" time="2.221"/>
  <testcase classname="executiontest12.RegistrationModule12Test" name="LoginNameValid" time="1.875"/>
</testsuite> <!-- Command line test -->
